0 info it worked if it ends with ok
1 verbose cli [ '/usr/local/bin/node', '/usr/local/bin/npm', 'publish' ]
2 info using npm@3.3.12
3 info using node@v5.2.0
4 verbose publish [ '.' ]
5 silly cache add args [ '.', null ]
6 verbose cache add spec .
7 silly cache add parsed spec Result {
7 silly cache add   raw: '.',
7 silly cache add   scope: null,
7 silly cache add   name: null,
7 silly cache add   rawSpec: '.',
7 silly cache add   spec: '/Users/BRF/Projects/generator-crust',
7 silly cache add   type: 'directory' }
8 verbose addLocalDirectory /Users/BRF/.npm/generator-crust/1.1.3/package.tgz not in flight; packing
9 info lifecycle generator-crust@1.1.3~prepublish: generator-crust@1.1.3
10 silly lifecycle generator-crust@1.1.3~prepublish: no script for prepublish, continuing
11 verbose tar pack [ '/Users/BRF/.npm/generator-crust/1.1.3/package.tgz',
11 verbose tar pack   '/Users/BRF/Projects/generator-crust' ]
12 verbose tarball /Users/BRF/.npm/generator-crust/1.1.3/package.tgz
13 verbose folder /Users/BRF/Projects/generator-crust
14 verbose addLocalTarball adding from inside cache /Users/BRF/.npm/generator-crust/1.1.3/package.tgz
15 silly cache afterAdd generator-crust@1.1.3
16 verbose afterAdd /Users/BRF/.npm/generator-crust/1.1.3/package/package.json not in flight; writing
17 verbose afterAdd /Users/BRF/.npm/generator-crust/1.1.3/package/package.json written
18 silly publish { name: 'generator-crust',
18 silly publish   version: '1.1.3',
18 silly publish   description: 'Yeoman generator',
18 silly publish   license: 'MIT',
18 silly publish   main: 'app/index.js',
18 silly publish   repository:
18 silly publish    { type: 'git',
18 silly publish      url: 'git+https://github.com/teltploek/generator-crust.git' },
18 silly publish   author: { name: 'Brian Frisch', url: 'https://github.com/teltploek' },
18 silly publish   scripts: { test: 'mocha' },
18 silly publish   files: [ 'generators' ],
18 silly publish   keywords: [ 'yeoman-generator' ],
18 silly publish   dependencies:
18 silly publish    { 'yeoman-generator': '^0.19.0',
18 silly publish      chalk: '^1.0.0',
18 silly publish      yosay: '^1.0.2' },
18 silly publish   devDependencies: { mocha: '*' },
18 silly publish   readme: '# generator-crust\n\nThis generator will provide you with a jump start to new [Crust](https://github.com/PentiaLabs/crust-io) projects.\n\n## Getting Started\n\n#### Prerequisites\n\nYou need to have [Bower](http://bower.io) and [Yeoman](http://yeoman.io) installed on your system.\n\n```bash\nnpm install -g bower\nnpm install -g yo\n```\n\nAnd then this generator:\n\n```bash\nnpm install -g generator-crust\n```\n\n#### Initiating the crust generator:\n\nCreate a new folder, cd into it and run:\n\n```bash\nyo crust\n```\n\nFollow the instructions.\n\n#### Developer workflow\n\nWhen you\'d like to develop on your sources run:\n\n```bash\ngulp serve\n```\n\nOpen up your favorite IDE, do changes and point your browser to http://localhost:4200\n\nIf you\'re in doubt about the general crust file structure, take a look at the crust instructions [here](https://github.com/PentiaLabs/crust-io)\n\n#### Building for production\n\nWhen you\'d like to develop on your sources run:\n\n```bash\ngulp\n```\n\nThis will create a static HTML-representation of your content merged with your templates ready to ship inside the dist-folder in the project root.\n\n***\n\n### What is Yeoman?\n\nTrick question. It\'s not a thing. It\'s this guy:\n\n![](http://i.imgur.com/JHaAlBJ.png)\n\nBasically, he wears a top hat, lives in your computer, and waits for you to tell him what kind of application you wish to create.\n\nNot every new computer comes with a Yeoman pre-installed. He lives in the [npm](https://npmjs.org) package repository. You only have to ask for him once, then he packs up and moves into your hard drive. *Make sure you clean up, he likes new and shiny things.*\n\n```bash\nnpm install -g yo\n```\n\n### Yeoman Generators\n\nYeoman travels light. He didn\'t pack any generators when he moved in. You can think of a generator like a plug-in. You get to choose what type of application you wish to create, such as a Backbone application or even a Chrome extension.\n\nTo install generator-crust from npm, run:\n\n```bash\nnpm install -g generator-crust\n```\n\nFinally, initiate the generator:\n\n```bash\nyo crust\n```\n\n### Getting To Know Yeoman\n\nYeoman has a heart of gold. He\'s a person with feelings and opinions, but he\'s very easy to work with. If you think he\'s too opinionated, he can be easily convinced.\n\nIf you\'d like to get to know Yeoman better and meet some of his friends, [Grunt](http://gruntjs.com) and [Bower](http://bower.io), check out the complete [Getting Started Guide](https://github.com/yeoman/yeoman/wiki/Getting-Started).\n\n\n## License\n\nMIT\n',
18 silly publish   readmeFilename: 'README.md',
18 silly publish   gitHead: '07b0d7283b8e97e98cee705f23f6c47e7a745521',
18 silly publish   bugs: { url: 'https://github.com/teltploek/generator-crust/issues' },
18 silly publish   homepage: 'https://github.com/teltploek/generator-crust#readme',
18 silly publish   _id: 'generator-crust@1.1.3',
18 silly publish   _shasum: 'aab7c19f31a2b7c20b4780ab3685079bdb970c3f',
18 silly publish   _from: '.' }
19 verbose getPublishConfig undefined
20 silly mapToRegistry name generator-crust
21 silly mapToRegistry using default registry
22 silly mapToRegistry registry https://registry.npmjs.org/
23 silly mapToRegistry uri https://registry.npmjs.org/generator-crust
24 verbose publish registryBase https://registry.npmjs.org/
25 silly publish uploading /Users/BRF/.npm/generator-crust/1.1.3/package.tgz
26 verbose request uri https://registry.npmjs.org/generator-crust
27 verbose request sending authorization for write operation
28 info attempt registry request try #1 at 10:12:17 AM
29 verbose request id 7e3213739c9d6ec8
30 http request PUT https://registry.npmjs.org/generator-crust
31 http 403 https://registry.npmjs.org/generator-crust
32 verbose headers { 'content-type': 'application/json',
32 verbose headers   'cache-control': 'max-age=300',
32 verbose headers   'content-length': '95',
32 verbose headers   'accept-ranges': 'bytes',
32 verbose headers   date: 'Mon, 11 Jul 2016 08:12:19 GMT',
32 verbose headers   via: '1.1 varnish',
32 verbose headers   connection: 'keep-alive',
32 verbose headers   'x-served-by': 'cache-ams4427-AMS',
32 verbose headers   'x-cache': 'MISS',
32 verbose headers   'x-cache-hits': '0',
32 verbose headers   'x-timer': 'S1468224738.239964,VS0,VE1522',
32 verbose headers   vary: 'Accept-Encoding' }
33 verbose request invalidating /Users/BRF/.npm/registry.npmjs.org/generator-crust on PUT
34 error publish Failed PUT 403
35 verbose stack Error: "You cannot publish over the previously published version 1.1.3." : generator-crust
35 verbose stack     at makeError (/usr/local/lib/node_modules/npm/node_modules/npm-registry-client/lib/request.js:264:12)
35 verbose stack     at CachingRegistryClient.<anonymous> (/usr/local/lib/node_modules/npm/node_modules/npm-registry-client/lib/request.js:252:14)
35 verbose stack     at Request._callback (/usr/local/lib/node_modules/npm/node_modules/npm-registry-client/lib/request.js:172:14)
35 verbose stack     at Request.self.callback (/usr/local/lib/node_modules/npm/node_modules/request/request.js:198:22)
35 verbose stack     at emitTwo (events.js:88:13)
35 verbose stack     at Request.emit (events.js:173:7)
35 verbose stack     at Request.<anonymous> (/usr/local/lib/node_modules/npm/node_modules/request/request.js:1082:10)
35 verbose stack     at emitOne (events.js:83:20)
35 verbose stack     at Request.emit (events.js:170:7)
35 verbose stack     at IncomingMessage.<anonymous> (/usr/local/lib/node_modules/npm/node_modules/request/request.js:1009:12)
36 verbose statusCode 403
37 verbose pkgid generator-crust
38 verbose cwd /Users/BRF/Projects/generator-crust
39 error Darwin 15.2.0
40 error argv "/usr/local/bin/node" "/usr/local/bin/npm" "publish"
41 error node v5.2.0
42 error npm  v3.3.12
43 error code E403
44 error "You cannot publish over the previously published version 1.1.3." : generator-crust
45 error If you need help, you may report this error at:
45 error     <https://github.com/npm/npm/issues>
46 verbose exit [ 1, true ]
